{"D:\\code\\envh\\src\\nav-bar\\nav-bar.tsx": {"path":"D:\\code\\envh\\src\\nav-bar\\nav-bar.tsx","statementMap":{"0":{"start":{"line":1,"column":0},"end":{"line":1,"column":26}},"1":{"start":{"line":2,"column":0},"end":{"line":2,"column":36}},"2":{"start":{"line":11,"column":77},"end":{"line":25,"column":1}},"3":{"start":{"line":12,"column":83},"end":{"line":12,"column":88}},"4":{"start":{"line":12,"column":78},"end":{"line":12,"column":83}},"5":{"start":{"line":14,"column":2},"end":{"line":24,"column":4}},"6":{"start":{"line":27,"column":0},"end":{"line":29,"column":2}},"7":{"start":{"line":31,"column":0},"end":{"line":31,"column":22}}},"fnMap":{"0":{"name":"(anonymous_2)","decl":{"start":{"line":11,"column":77},"end":{"line":11,"column":78}},"loc":{"start":{"line":11,"column":87},"end":{"line":25,"column":1}}}},"branchMap":{},"s":{"0":1,"1":1,"2":1,"3":3,"4":3,"5":3,"6":1,"7":1},"f":{"0":3},"b":{}}
}
